<?xml version="1.0" encoding="UTF-8"?>
<!-- Generated by org.testng.reporters.JUnitReportReporter -->
<testsuite hostname="DESKTOP-6JHUUG8" failures="0" tests="2" name="com.Maven.Ignore" time="0.015" errors="0" timestamp="2023-09-09T19:46:55 IST" skipped="1">
  <testcase classname="com.Maven.Ignore" name="methodB" time="0.015"/>
  <testcase classname="com.Maven.Ignore" name="methodD">
    <skipped/>
  </testcase> <!-- methodD -->
</testsuite> <!-- com.Maven.Ignore -->
