<?xml version="1.0" encoding="UTF-8"?>
<!-- Generated by org.testng.reporters.JUnitReportReporter -->
<testsuite hostname="DESKTOP-6JHUUG8" failures="0" tests="2" name="com.Maven.Priority1" time="0.036" errors="0" timestamp="2023-09-09T21:48:43 IST" skipped="0">
  <testcase classname="com.Maven.Priority1" name="methodB" time="0.032"/>
  <testcase classname="com.Maven.Priority1" name="methodA" time="0.004"/>
</testsuite> <!-- com.Maven.Priority1 -->
