<?xml version="1.0" encoding="UTF-8"?>
<!-- Generated by org.testng.reporters.JUnitReportReporter -->
<testsuite hostname="DESKTOP-6JHUUG8" failures="0" tests="3" name="com.Maven.DataProvider1" time="0.052" errors="0" timestamp="2023-09-10T18:33:36 IST" skipped="0">
  <testcase classname="com.Maven.DataProvider1" name="methodA" time="0.036"/>
  <testcase classname="com.Maven.DataProvider1" name="methodC" time="0.010"/>
  <testcase classname="com.Maven.DataProvider1" name="methodC" time="0.006"/>
</testsuite> <!-- com.Maven.DataProvider1 -->
