<?xml version="1.0" encoding="UTF-8"?>
<!-- Generated by org.testng.reporters.JUnitReportReporter -->
<testsuite hostname="DESKTOP-6JHUUG8" failures="0" tests="2" name="com.Maven.ExpectedException1" time="0.045" errors="0" timestamp="2023-09-09T23:02:19 IST" skipped="0">
  <testcase classname="com.Maven.ExpectedException1" name="methodA" time="0.039"/>
  <testcase classname="com.Maven.ExpectedException1" name="methodC" time="0.006"/>
</testsuite> <!-- com.Maven.ExpectedException1 -->
