<?xml version="1.0" encoding="UTF-8"?>
<!-- Generated by org.testng.reporters.JUnitReportReporter -->
<testsuite hostname="DESKTOP-6JHUUG8" failures="0" tests="2" name="com.Maven.RunnerEx1" time="0.038" errors="0" timestamp="2023-09-09T20:33:30 IST" skipped="0">
  <testcase classname="com.Maven.RunnerEx1" name="methodD" time="0.017"/>
  <testcase classname="com.Maven.RunnerEx1" name="methodB" time="0.021"/>
</testsuite> <!-- com.Maven.RunnerEx1 -->
