<?xml version="1.0" encoding="UTF-8"?>
<!-- Generated by org.testng.reporters.JUnitReportReporter -->
<testsuite hostname="DESKTOP-6JHUUG8" failures="0" tests="1" name="com.Maven.Ignore1" time="0.019" errors="0" timestamp="2023-09-09T21:19:50 IST" skipped="0">
  <testcase classname="com.Maven.Ignore1" name="methodB" time="0.019"/>
</testsuite> <!-- com.Maven.Ignore1 -->
