<?xml version="1.0" encoding="UTF-8"?>
<!-- Generated by org.testng.reporters.JUnitReportReporter -->
<testsuite hostname="DESKTOP-6JHUUG8" failures="0" tests="6" name="com.Maven.InvocationCount1" time="0.050" errors="0" timestamp="2023-09-09T22:39:27 IST" skipped="0">
  <testcase classname="com.Maven.InvocationCount1" name="methodA" time="0.006"/>
  <testcase classname="com.Maven.InvocationCount1" name="methodA" time="0.005"/>
  <testcase classname="com.Maven.InvocationCount1" name="methodA" time="0.003"/>
  <testcase classname="com.Maven.InvocationCount1" name="methodC" time="0.009"/>
  <testcase classname="com.Maven.InvocationCount1" name="methodA" time="0.022"/>
  <testcase classname="com.Maven.InvocationCount1" name="methodA" time="0.005"/>
</testsuite> <!-- com.Maven.InvocationCount1 -->
