<?xml version="1.0" encoding="UTF-8"?>
<!-- Generated by org.testng.reporters.JUnitReportReporter -->
<testsuite hostname="DESKTOP-6JHUUG8" failures="0" tests="2" name="com.Maven.Grouping1" time="0.039" errors="0" timestamp="2023-09-09T22:11:46 IST" skipped="0">
  <testcase classname="com.Maven.Grouping1" name="methodC" time="0.006"/>
  <testcase classname="com.Maven.Grouping1" name="methodA" time="0.033"/>
</testsuite> <!-- com.Maven.Grouping1 -->
