<?xml version="1.0" encoding="UTF-8"?>
<!-- Generated by org.testng.reporters.JUnitReportReporter -->
<testsuite hostname="DESKTOP-6JHUUG8" failures="0" tests="3" name="com.Maven.RunnerEx" time="0.047" errors="0" timestamp="2023-09-09T18:18:23 IST" skipped="0">
  <testcase classname="com.Maven.RunnerEx" name="methodB" time="0.008"/>
  <testcase classname="com.Maven.RunnerEx" name="methodA" time="0.034"/>
  <testcase classname="com.Maven.RunnerEx" name="methodC" time="0.005"/>
</testsuite> <!-- com.Maven.RunnerEx -->
