<?xml version="1.0" encoding="UTF-8"?>
<!-- Generated by org.testng.reporters.JUnitReportReporter -->
<testsuite hostname="DESKTOP-6JHUUG8" failures="0" tests="2" name="com.Maven.ParallelTest1" time="0.059" errors="0" timestamp="2023-09-10T21:03:36 IST" skipped="0">
  <testcase classname="com.Maven.ParallelTest1" name="methodA" time="0.030"/>
  <testcase classname="com.Maven.ParallelTest1" name="methodC" time="0.029"/>
</testsuite> <!-- com.Maven.ParallelTest1 -->
