<?xml version="1.0" encoding="UTF-8"?>
<!-- Generated by org.testng.reporters.JUnitReportReporter -->
<testsuite hostname="DESKTOP-6JHUUG8" failures="0" tests="2" name="com.Maven.ParameterizedTest1" time="0.017" errors="0" timestamp="2023-09-10T17:56:28 IST" skipped="0">
  <testcase classname="com.Maven.ParameterizedTest1" name="methodA" time="0.015"/>
  <testcase classname="com.Maven.ParameterizedTest1" name="methodC" time="0.002"/>
</testsuite> <!-- com.Maven.ParameterizedTest1 -->
